The system is: Darwin - 22.3.0 - arm64
Compiling the C compiler identification source file "CMakeCCompilerId.c" succeeded.
Compiler: /Library/Developer/CommandLineTools/usr/bin/cc 
Build flags: 
Id flags: -c 

The output was:
0


Compilation of the C compiler identification source "CMakeCCompilerId.c" produced "CMakeCCompilerId.o"

The C compiler identification is AppleClang, found in "/Users/michaellippe/Local Storage/VIP Chip Team/Labs/Lab2/build/CMakeFiles/3.25.2/CompilerIdC/CMakeCCompilerId.o"

Compiling the CXX compiler identification source file "CMakeCXXCompilerId.cpp" succeeded.
Compiler: /Library/Developer/CommandLineTools/usr/bin/c++ 
Build flags: 
Id flags: -c 

The output was:
0


Compilation of the CXX compiler identification source "CMakeCXXCompilerId.cpp" produced "CMakeCXXCompilerId.o"

The CXX compiler identification is AppleClang, found in "/Users/michaellippe/Local Storage/VIP Chip Team/Labs/Lab2/build/CMakeFiles/3.25.2/CompilerIdCXX/CMakeCXXCompilerId.o"

Detecting C compiler ABI info compiled with the following output:
Change Dir: /Users/michaellippe/Local Storage/VIP Chip Team/Labs/Lab2/build/CMakeFiles/CMakeScratch/TryCompile-GMguSy

Run Build Command(s):/usr/bin/make -f Makefile cmTC_4f8e5/fast && /Library/Developer/CommandLineTools/usr/bin/make  -f CMakeFiles/cmTC_4f8e5.dir/build.make CMakeFiles/cmTC_4f8e5.dir/build
Building C object CMakeFiles/cmTC_4f8e5.dir/CMakeCCompilerABI.c.o
/Library/Developer/CommandLineTools/usr/bin/cc   -arch arm64 -isysroot /Library/Developer/CommandLineTools/SDKs/MacOSX13.1.sdk   -v -Wl,-v -MD -MT CMakeFiles/cmTC_4f8e5.dir/CMakeCCompilerABI.c.o -MF CMakeFiles/cmTC_4f8e5.dir/CMakeCCompilerABI.c.o.d -o CMakeFiles/cmTC_4f8e5.dir/CMakeCCompilerABI.c.o -c /opt/homebrew/Cellar/cmake/3.25.2/share/cmake/Modules/CMakeCCompilerABI.c
Apple clang version 14.0.0 (clang-1400.0.29.202)
Target: arm64-apple-darwin22.3.0
Thread model: posix
InstalledDir: /Library/Developer/CommandLineTools/usr/bin
clang: warning: -Wl,-v: 'linker' input unused [-Wunused-command-line-argument]
 "/Library/Developer/CommandLineTools/usr/bin/clang" -cc1 -triple arm64-apple-macosx13.0.0 -Wundef-prefix=TARGET_OS_ -Wdeprecated-objc-isa-usage -Werror=deprecated-objc-isa-usage -Werror=implicit-function-declaration -emit-obj -mrelax-all --mrelax-relocations -disable-free -clear-ast-before-backend -disable-llvm-verifier -discard-value-names -main-file-name CMakeCCompilerABI.c -mrelocation-model pic -pic-level 2 -mframe-pointer=non-leaf -fno-strict-return -fno-rounding-math -funwind-tables=2 -fobjc-msgsend-selector-stubs -target-sdk-version=13.1 -fvisibility-inlines-hidden-static-local-var -target-cpu apple-m1 -target-feature +v8.5a -target-feature +fp-armv8 -target-feature +neon -target-feature +crc -target-feature +crypto -target-feature +dotprod -target-feature +fp16fml -target-feature +ras -target-feature +lse -target-feature +rdm -target-feature +rcpc -target-feature +zcm -target-feature +zcz -target-feature +fullfp16 -target-feature +sm4 -target-feature +sha3 -target-feature +sha2 -target-feature +aes -target-abi darwinpcs -fallow-half-arguments-and-returns -debugger-tuning=lldb -target-linker-version 820.1 -v -resource-dir /Library/Developer/CommandLineTools/usr/lib/clang/14.0.0 -dependency-file CMakeFiles/cmTC_4f8e5.dir/CMakeCCompilerABI.c.o.d -skip-unused-modulemap-deps -MT CMakeFiles/cmTC_4f8e5.dir/CMakeCCompilerABI.c.o -sys-header-deps -isysroot /Library/Developer/CommandLineTools/SDKs/MacOSX13.1.sdk -internal-isystem /Library/Developer/CommandLineTools/SDKs/MacOSX13.1.sdk/usr/local/include -internal-isystem /Library/Developer/CommandLineTools/usr/lib/clang/14.0.0/include -internal-externc-isystem /Library/Developer/CommandLineTools/SDKs/MacOSX13.1.sdk/usr/include -internal-externc-isystem /Library/Developer/CommandLineTools/usr/include -Wno-reorder-init-list -Wno-implicit-int-float-conversion -Wno-c99-designator -Wno-final-dtor-non-final-class -Wno-extra-semi-stmt -Wno-misleading-indentation -Wno-quoted-include-in-framework-header -Wno-implicit-fallthrough -Wno-enum-enum-conversion -Wno-enum-float-conversion -Wno-elaborated-enum-base -Wno-reserved-identifier -Wno-gnu-folding-constant -Wno-cast-function-type -Wno-bitwise-instead-of-logical "-fdebug-compilation-dir=/Users/michaellippe/Local Storage/VIP Chip Team/Labs/Lab2/build/CMakeFiles/CMakeScratch/TryCompile-GMguSy" -ferror-limit 19 -stack-protector 1 -fstack-check -mdarwin-stkchk-strong-link -fblocks -fencode-extended-block-signature -fregister-global-dtors-with-atexit -fgnuc-version=4.2.1 -fmax-type-align=16 -fcommon -clang-vendor-feature=+messageToSelfInClassMethodIdReturnType -clang-vendor-feature=+disableInferNewAvailabilityFromInit -clang-vendor-feature=+disableNonDependentMemberExprInCurrentInstantiation -fno-odr-hash-protocols -clang-vendor-feature=+enableAggressiveVLAFolding -clang-vendor-feature=+revert09abecef7bbf -clang-vendor-feature=+thisNoAlignAttr -clang-vendor-feature=+thisNoNullAttr -mllvm -disable-aligned-alloc-awareness=1 -D__GCC_HAVE_DWARF2_CFI_ASM=1 -o CMakeFiles/cmTC_4f8e5.dir/CMakeCCompilerABI.c.o -x c /opt/homebrew/Cellar/cmake/3.25.2/share/cmake/Modules/CMakeCCompilerABI.c
clang -cc1 version 14.0.0 (clang-1400.0.29.202) default target arm64-apple-darwin22.3.0
ignoring nonexistent directory "/Library/Developer/CommandLineTools/SDKs/MacOSX13.1.sdk/usr/local/include"
ignoring nonexistent directory "/Library/Developer/CommandLineTools/SDKs/MacOSX13.1.sdk/Library/Frameworks"
#include "..." search starts here:
#include <...> search starts here:
 /Library/Developer/CommandLineTools/usr/lib/clang/14.0.0/include
 /Library/Developer/CommandLineTools/SDKs/MacOSX13.1.sdk/usr/include
 /Library/Developer/CommandLineTools/usr/include
 /Library/Developer/CommandLineTools/SDKs/MacOSX13.1.sdk/System/Library/Frameworks (framework directory)
End of search list.
Linking C executable cmTC_4f8e5
/opt/homebrew/Cellar/cmake/3.25.2/bin/cmake -E cmake_link_script CMakeFiles/cmTC_4f8e5.dir/link.txt --verbose=1
/Library/Developer/CommandLineTools/usr/bin/cc  -arch arm64 -isysroot /Library/Developer/CommandLineTools/SDKs/MacOSX13.1.sdk -Wl,-search_paths_first -Wl,-headerpad_max_install_names  -v -Wl,-v CMakeFiles/cmTC_4f8e5.dir/CMakeCCompilerABI.c.o -o cmTC_4f8e5 
Apple clang version 14.0.0 (clang-1400.0.29.202)
Target: arm64-apple-darwin22.3.0
Thread model: posix
InstalledDir: /Library/Developer/CommandLineTools/usr/bin
 "/Library/Developer/CommandLineTools/usr/bin/ld" -demangle -lto_library /Library/Developer/CommandLineTools/usr/lib/libLTO.dylib -dynamic -arch arm64 -platform_version macos 13.0.0 13.1 -syslibroot /Library/Developer/CommandLineTools/SDKs/MacOSX13.1.sdk -o cmTC_4f8e5 -search_paths_first -headerpad_max_install_names -v CMakeFiles/cmTC_4f8e5.dir/CMakeCCompilerABI.c.o -lSystem /Library/Developer/CommandLineTools/usr/lib/clang/14.0.0/lib/darwin/libclang_rt.osx.a
@(#)PROGRAM:ld  PROJECT:ld64-820.1
BUILD 20:07:05 Nov  7 2022
configured to support archs: armv6 armv7 armv7s arm64 arm64e arm64_32 i386 x86_64 x86_64h armv6m armv7k armv7m armv7em
Library search paths:
	/Library/Developer/CommandLineTools/SDKs/MacOSX13.1.sdk/usr/lib
Framework search paths:
	/Library/Developer/CommandLineTools/SDKs/MacOSX13.1.sdk/System/Library/Frameworks/



Parsed C implicit include dir info from above output: rv=done
  found start of include info
  found start of implicit include info
    add: [/Library/Developer/CommandLineTools/usr/lib/clang/14.0.0/include]
    add: [/Library/Developer/CommandLineTools/SDKs/MacOSX13.1.sdk/usr/include]
    add: [/Library/Developer/CommandLineTools/usr/include]
  end of search list found
  collapse include dir [/Library/Developer/CommandLineTools/usr/lib/clang/14.0.0/include] ==> [/Library/Developer/CommandLineTools/usr/lib/clang/14.0.0/include]
  collapse include dir [/Library/Developer/CommandLineTools/SDKs/MacOSX13.1.sdk/usr/include] ==> [/Library/Developer/CommandLineTools/SDKs/MacOSX13.1.sdk/usr/include]
  collapse include dir [/Library/Developer/CommandLineTools/usr/include] ==> [/Library/Developer/CommandLineTools/usr/include]
  implicit include dirs: [/Library/Developer/CommandLineTools/usr/lib/clang/14.0.0/include;/Library/Developer/CommandLineTools/SDKs/MacOSX13.1.sdk/usr/include;/Library/Developer/CommandLineTools/usr/include]


Parsed C implicit link information from above output:
  link line regex: [^( *|.*[/\])(ld|CMAKE_LINK_STARTFILE-NOTFOUND|([^/\]+-)?ld|collect2)[^/\]*( |$)]
  ignore line: [Change Dir: /Users/michaellippe/Local Storage/VIP Chip Team/Labs/Lab2/build/CMakeFiles/CMakeScratch/TryCompile-GMguSy]
  ignore line: []
  ignore line: [Run Build Command(s):/usr/bin/make -f Makefile cmTC_4f8e5/fast && /Library/Developer/CommandLineTools/usr/bin/make  -f CMakeFiles/cmTC_4f8e5.dir/build.make CMakeFiles/cmTC_4f8e5.dir/build]
  ignore line: [Building C object CMakeFiles/cmTC_4f8e5.dir/CMakeCCompilerABI.c.o]
  ignore line: [/Library/Developer/CommandLineTools/usr/bin/cc   -arch arm64 -isysroot /Library/Developer/CommandLineTools/SDKs/MacOSX13.1.sdk   -v -Wl -v -MD -MT CMakeFiles/cmTC_4f8e5.dir/CMakeCCompilerABI.c.o -MF CMakeFiles/cmTC_4f8e5.dir/CMakeCCompilerABI.c.o.d -o CMakeFiles/cmTC_4f8e5.dir/CMakeCCompilerABI.c.o -c /opt/homebrew/Cellar/cmake/3.25.2/share/cmake/Modules/CMakeCCompilerABI.c]
  ignore line: [Apple clang version 14.0.0 (clang-1400.0.29.202)]
  ignore line: [Target: arm64-apple-darwin22.3.0]
  ignore line: [Thread model: posix]
  ignore line: [InstalledDir: /Library/Developer/CommandLineTools/usr/bin]
  ignore line: [clang: warning: -Wl -v: 'linker' input unused [-Wunused-command-line-argument]]
  ignore line: [ "/Library/Developer/CommandLineTools/usr/bin/clang" -cc1 -triple arm64-apple-macosx13.0.0 -Wundef-prefix=TARGET_OS_ -Wdeprecated-objc-isa-usage -Werror=deprecated-objc-isa-usage -Werror=implicit-function-declaration -emit-obj -mrelax-all --mrelax-relocations -disable-free -clear-ast-before-backend -disable-llvm-verifier -discard-value-names -main-file-name CMakeCCompilerABI.c -mrelocation-model pic -pic-level 2 -mframe-pointer=non-leaf -fno-strict-return -fno-rounding-math -funwind-tables=2 -fobjc-msgsend-selector-stubs -target-sdk-version=13.1 -fvisibility-inlines-hidden-static-local-var -target-cpu apple-m1 -target-feature +v8.5a -target-feature +fp-armv8 -target-feature +neon -target-feature +crc -target-feature +crypto -target-feature +dotprod -target-feature +fp16fml -target-feature +ras -target-feature +lse -target-feature +rdm -target-feature +rcpc -target-feature +zcm -target-feature +zcz -target-feature +fullfp16 -target-feature +sm4 -target-feature +sha3 -target-feature +sha2 -target-feature +aes -target-abi darwinpcs -fallow-half-arguments-and-returns -debugger-tuning=lldb -target-linker-version 820.1 -v -resource-dir /Library/Developer/CommandLineTools/usr/lib/clang/14.0.0 -dependency-file CMakeFiles/cmTC_4f8e5.dir/CMakeCCompilerABI.c.o.d -skip-unused-modulemap-deps -MT CMakeFiles/cmTC_4f8e5.dir/CMakeCCompilerABI.c.o -sys-header-deps -isysroot /Library/Developer/CommandLineTools/SDKs/MacOSX13.1.sdk -internal-isystem /Library/Developer/CommandLineTools/SDKs/MacOSX13.1.sdk/usr/local/include -internal-isystem /Library/Developer/CommandLineTools/usr/lib/clang/14.0.0/include -internal-externc-isystem /Library/Developer/CommandLineTools/SDKs/MacOSX13.1.sdk/usr/include -internal-externc-isystem /Library/Developer/CommandLineTools/usr/include -Wno-reorder-init-list -Wno-implicit-int-float-conversion -Wno-c99-designator -Wno-final-dtor-non-final-class -Wno-extra-semi-stmt -Wno-misleading-indentation -Wno-quoted-include-in-framework-header -Wno-implicit-fallthrough -Wno-enum-enum-conversion -Wno-enum-float-conversion -Wno-elaborated-enum-base -Wno-reserved-identifier -Wno-gnu-folding-constant -Wno-cast-function-type -Wno-bitwise-instead-of-logical "-fdebug-compilation-dir=/Users/michaellippe/Local Storage/VIP Chip Team/Labs/Lab2/build/CMakeFiles/CMakeScratch/TryCompile-GMguSy" -ferror-limit 19 -stack-protector 1 -fstack-check -mdarwin-stkchk-strong-link -fblocks -fencode-extended-block-signature -fregister-global-dtors-with-atexit -fgnuc-version=4.2.1 -fmax-type-align=16 -fcommon -clang-vendor-feature=+messageToSelfInClassMethodIdReturnType -clang-vendor-feature=+disableInferNewAvailabilityFromInit -clang-vendor-feature=+disableNonDependentMemberExprInCurrentInstantiation -fno-odr-hash-protocols -clang-vendor-feature=+enableAggressiveVLAFolding -clang-vendor-feature=+revert09abecef7bbf -clang-vendor-feature=+thisNoAlignAttr -clang-vendor-feature=+thisNoNullAttr -mllvm -disable-aligned-alloc-awareness=1 -D__GCC_HAVE_DWARF2_CFI_ASM=1 -o CMakeFiles/cmTC_4f8e5.dir/CMakeCCompilerABI.c.o -x c /opt/homebrew/Cellar/cmake/3.25.2/share/cmake/Modules/CMakeCCompilerABI.c]
  ignore line: [clang -cc1 version 14.0.0 (clang-1400.0.29.202) default target arm64-apple-darwin22.3.0]
  ignore line: [ignoring nonexistent directory "/Library/Developer/CommandLineTools/SDKs/MacOSX13.1.sdk/usr/local/include"]
  ignore line: [ignoring nonexistent directory "/Library/Developer/CommandLineTools/SDKs/MacOSX13.1.sdk/Library/Frameworks"]
  ignore line: [#include "..." search starts here:]
  ignore line: [#include <...> search starts here:]
  ignore line: [ /Library/Developer/CommandLineTools/usr/lib/clang/14.0.0/include]
  ignore line: [ /Library/Developer/CommandLineTools/SDKs/MacOSX13.1.sdk/usr/include]
  ignore line: [ /Library/Developer/CommandLineTools/usr/include]
  ignore line: [ /Library/Developer/CommandLineTools/SDKs/MacOSX13.1.sdk/System/Library/Frameworks (framework directory)]
  ignore line: [End of search list.]
  ignore line: [Linking C executable cmTC_4f8e5]
  ignore line: [/opt/homebrew/Cellar/cmake/3.25.2/bin/cmake -E cmake_link_script CMakeFiles/cmTC_4f8e5.dir/link.txt --verbose=1]
  ignore line: [/Library/Developer/CommandLineTools/usr/bin/cc  -arch arm64 -isysroot /Library/Developer/CommandLineTools/SDKs/MacOSX13.1.sdk -Wl -search_paths_first -Wl -headerpad_max_install_names  -v -Wl -v CMakeFiles/cmTC_4f8e5.dir/CMakeCCompilerABI.c.o -o cmTC_4f8e5 ]
  ignore line: [Apple clang version 14.0.0 (clang-1400.0.29.202)]
  ignore line: [Target: arm64-apple-darwin22.3.0]
  ignore line: [Thread model: posix]
  ignore line: [InstalledDir: /Library/Developer/CommandLineTools/usr/bin]
  link line: [ "/Library/Developer/CommandLineTools/usr/bin/ld" -demangle -lto_library /Library/Developer/CommandLineTools/usr/lib/libLTO.dylib -dynamic -arch arm64 -platform_version macos 13.0.0 13.1 -syslibroot /Library/Developer/CommandLineTools/SDKs/MacOSX13.1.sdk -o cmTC_4f8e5 -search_paths_first -headerpad_max_install_names -v CMakeFiles/cmTC_4f8e5.dir/CMakeCCompilerABI.c.o -lSystem /Library/Developer/CommandLineTools/usr/lib/clang/14.0.0/lib/darwin/libclang_rt.osx.a]
    arg [/Library/Developer/CommandLineTools/usr/bin/ld] ==> ignore
    arg [-demangle] ==> ignore
    arg [-lto_library] ==> ignore, skip following value
    arg [/Library/Developer/CommandLineTools/usr/lib/libLTO.dylib] ==> skip value of -lto_library
    arg [-dynamic] ==> ignore
    arg [-arch] ==> ignore
    arg [arm64] ==> ignore
    arg [-platform_version] ==> ignore
    arg [macos] ==> ignore
    arg [13.0.0] ==> ignore
    arg [13.1] ==> ignore
    arg [-syslibroot] ==> ignore
    arg [/Library/Developer/CommandLineTools/SDKs/MacOSX13.1.sdk] ==> ignore
    arg [-o] ==> ignore
    arg [cmTC_4f8e5] ==> ignore
    arg [-search_paths_first] ==> ignore
    arg [-headerpad_max_install_names] ==> ignore
    arg [-v] ==> ignore
    arg [CMakeFiles/cmTC_4f8e5.dir/CMakeCCompilerABI.c.o] ==> ignore
    arg [-lSystem] ==> lib [System]
    arg [/Library/Developer/CommandLineTools/usr/lib/clang/14.0.0/lib/darwin/libclang_rt.osx.a] ==> lib [/Library/Developer/CommandLineTools/usr/lib/clang/14.0.0/lib/darwin/libclang_rt.osx.a]
  Library search paths: [;/Library/Developer/CommandLineTools/SDKs/MacOSX13.1.sdk/usr/lib]
  Framework search paths: [;/Library/Developer/CommandLineTools/SDKs/MacOSX13.1.sdk/System/Library/Frameworks/]
  remove lib [System]
  remove lib [/Library/Developer/CommandLineTools/usr/lib/clang/14.0.0/lib/darwin/libclang_rt.osx.a]
  collapse library dir [/Library/Developer/CommandLineTools/SDKs/MacOSX13.1.sdk/usr/lib] ==> [/Library/Developer/CommandLineTools/SDKs/MacOSX13.1.sdk/usr/lib]
  collapse framework dir [/Library/Developer/CommandLineTools/SDKs/MacOSX13.1.sdk/System/Library/Frameworks/] ==> [/Library/Developer/CommandLineTools/SDKs/MacOSX13.1.sdk/System/Library/Frameworks]
  implicit libs: []
  implicit objs: []
  implicit dirs: [/Library/Developer/CommandLineTools/SDKs/MacOSX13.1.sdk/usr/lib]
  implicit fwks: [/Library/Developer/CommandLineTools/SDKs/MacOSX13.1.sdk/System/Library/Frameworks]


Detecting CXX compiler ABI info compiled with the following output:
Change Dir: /Users/michaellippe/Local Storage/VIP Chip Team/Labs/Lab2/build/CMakeFiles/CMakeScratch/TryCompile-qF320p

Run Build Command(s):/usr/bin/make -f Makefile cmTC_98a95/fast && /Library/Developer/CommandLineTools/usr/bin/make  -f CMakeFiles/cmTC_98a95.dir/build.make CMakeFiles/cmTC_98a95.dir/build
Building CXX object CMakeFiles/cmTC_98a95.dir/CMakeCXXCompilerABI.cpp.o
/Library/Developer/CommandLineTools/usr/bin/c++   -arch arm64 -isysroot /Library/Developer/CommandLineTools/SDKs/MacOSX13.1.sdk   -v -Wl,-v -MD -MT CMakeFiles/cmTC_98a95.dir/CMakeCXXCompilerABI.cpp.o -MF CMakeFiles/cmTC_98a95.dir/CMakeCXXCompilerABI.cpp.o.d -o CMakeFiles/cmTC_98a95.dir/CMakeCXXCompilerABI.cpp.o -c /opt/homebrew/Cellar/cmake/3.25.2/share/cmake/Modules/CMakeCXXCompilerABI.cpp
Apple clang version 14.0.0 (clang-1400.0.29.202)
Target: arm64-apple-darwin22.3.0
Thread model: posix
InstalledDir: /Library/Developer/CommandLineTools/usr/bin
clang: warning: -Wl,-v: 'linker' input unused [-Wunused-command-line-argument]
 "/Library/Developer/CommandLineTools/usr/bin/clang" -cc1 -triple arm64-apple-macosx13.0.0 -Wundef-prefix=TARGET_OS_ -Wdeprecated-objc-isa-usage -Werror=deprecated-objc-isa-usage -Werror=implicit-function-declaration -emit-obj -mrelax-all --mrelax-relocations -disable-free -clear-ast-before-backend -disable-llvm-verifier -discard-value-names -main-file-name CMakeCXXCompilerABI.cpp -mrelocation-model pic -pic-level 2 -mframe-pointer=non-leaf -fno-strict-return -fno-rounding-math -funwind-tables=2 -fobjc-msgsend-selector-stubs -target-sdk-version=13.1 -fvisibility-inlines-hidden-static-local-var -target-cpu apple-m1 -target-feature +v8.5a -target-feature +fp-armv8 -target-feature +neon -target-feature +crc -target-feature +crypto -target-feature +dotprod -target-feature +fp16fml -target-feature +ras -target-feature +lse -target-feature +rdm -target-feature +rcpc -target-feature +zcm -target-feature +zcz -target-feature +fullfp16 -target-feature +sm4 -target-feature +sha3 -target-feature +sha2 -target-feature +aes -target-abi darwinpcs -fallow-half-arguments-and-returns -debugger-tuning=lldb -target-linker-version 820.1 -v -resource-dir /Library/Developer/CommandLineTools/usr/lib/clang/14.0.0 -dependency-file CMakeFiles/cmTC_98a95.dir/CMakeCXXCompilerABI.cpp.o.d -skip-unused-modulemap-deps -MT CMakeFiles/cmTC_98a95.dir/CMakeCXXCompilerABI.cpp.o -sys-header-deps -isysroot /Library/Developer/CommandLineTools/SDKs/MacOSX13.1.sdk -stdlib=libc++ -internal-isystem /Library/Developer/CommandLineTools/SDKs/MacOSX13.1.sdk/usr/include/c++/v1 -internal-isystem /Library/Developer/CommandLineTools/SDKs/MacOSX13.1.sdk/usr/local/include -internal-isystem /Library/Developer/CommandLineTools/usr/lib/clang/14.0.0/include -internal-externc-isystem /Library/Developer/CommandLineTools/SDKs/MacOSX13.1.sdk/usr/include -internal-externc-isystem /Library/Developer/CommandLineTools/usr/include -Wno-reorder-init-list -Wno-implicit-int-float-conversion -Wno-c99-designator -Wno-final-dtor-non-final-class -Wno-extra-semi-stmt -Wno-misleading-indentation -Wno-quoted-include-in-framework-header -Wno-implicit-fallthrough -Wno-enum-enum-conversion -Wno-enum-float-conversion -Wno-elaborated-enum-base -Wno-reserved-identifier -Wno-gnu-folding-constant -Wno-cast-function-type -Wno-bitwise-instead-of-logical -fdeprecated-macro "-fdebug-compilation-dir=/Users/michaellippe/Local Storage/VIP Chip Team/Labs/Lab2/build/CMakeFiles/CMakeScratch/TryCompile-qF320p" -ferror-limit 19 -stack-protector 1 -fstack-check -mdarwin-stkchk-strong-link -fblocks -fencode-extended-block-signature -fregister-global-dtors-with-atexit -fgnuc-version=4.2.1 -fno-cxx-modules -fcxx-exceptions -fexceptions -fmax-type-align=16 -fcommon -clang-vendor-feature=+messageToSelfInClassMethodIdReturnType -clang-vendor-feature=+disableInferNewAvailabilityFromInit -clang-vendor-feature=+disableNonDependentMemberExprInCurrentInstantiation -fno-odr-hash-protocols -clang-vendor-feature=+enableAggressiveVLAFolding -clang-vendor-feature=+revert09abecef7bbf -clang-vendor-feature=+thisNoAlignAttr -clang-vendor-feature=+thisNoNullAttr -mllvm -disable-aligned-alloc-awareness=1 -D__GCC_HAVE_DWARF2_CFI_ASM=1 -o CMakeFiles/cmTC_98a95.dir/CMakeCXXCompilerABI.cpp.o -x c++ /opt/homebrew/Cellar/cmake/3.25.2/share/cmake/Modules/CMakeCXXCompilerABI.cpp
clang -cc1 version 14.0.0 (clang-1400.0.29.202) default target arm64-apple-darwin22.3.0
ignoring nonexistent directory "/Library/Developer/CommandLineTools/SDKs/MacOSX13.1.sdk/usr/local/include"
ignoring nonexistent directory "/Library/Developer/CommandLineTools/SDKs/MacOSX13.1.sdk/Library/Frameworks"
#include "..." search starts here:
#include <...> search starts here:
 /Library/Developer/CommandLineTools/SDKs/MacOSX13.1.sdk/usr/include/c++/v1
 /Library/Developer/CommandLineTools/usr/lib/clang/14.0.0/include
 /Library/Developer/CommandLineTools/SDKs/MacOSX13.1.sdk/usr/include
 /Library/Developer/CommandLineTools/usr/include
 /Library/Developer/CommandLineTools/SDKs/MacOSX13.1.sdk/System/Library/Frameworks (framework directory)
End of search list.
Linking CXX executable cmTC_98a95
/opt/homebrew/Cellar/cmake/3.25.2/bin/cmake -E cmake_link_script CMakeFiles/cmTC_98a95.dir/link.txt --verbose=1
/Library/Developer/CommandLineTools/usr/bin/c++  -arch arm64 -isysroot /Library/Developer/CommandLineTools/SDKs/MacOSX13.1.sdk -Wl,-search_paths_first -Wl,-headerpad_max_install_names  -v -Wl,-v CMakeFiles/cmTC_98a95.dir/CMakeCXXCompilerABI.cpp.o -o cmTC_98a95 
Apple clang version 14.0.0 (clang-1400.0.29.202)
Target: arm64-apple-darwin22.3.0
Thread model: posix
InstalledDir: /Library/Developer/CommandLineTools/usr/bin
 "/Library/Developer/CommandLineTools/usr/bin/ld" -demangle -lto_library /Library/Developer/CommandLineTools/usr/lib/libLTO.dylib -dynamic -arch arm64 -platform_version macos 13.0.0 13.1 -syslibroot /Library/Developer/CommandLineTools/SDKs/MacOSX13.1.sdk -o cmTC_98a95 -search_paths_first -headerpad_max_install_names -v CMakeFiles/cmTC_98a95.dir/CMakeCXXCompilerABI.cpp.o -lc++ -lSystem /Library/Developer/CommandLineTools/usr/lib/clang/14.0.0/lib/darwin/libclang_rt.osx.a
@(#)PROGRAM:ld  PROJECT:ld64-820.1
BUILD 20:07:05 Nov  7 2022
configured to support archs: armv6 armv7 armv7s arm64 arm64e arm64_32 i386 x86_64 x86_64h armv6m armv7k armv7m armv7em
Library search paths:
	/Library/Developer/CommandLineTools/SDKs/MacOSX13.1.sdk/usr/lib
Framework search paths:
	/Library/Developer/CommandLineTools/SDKs/MacOSX13.1.sdk/System/Library/Frameworks/



Parsed CXX implicit include dir info from above output: rv=done
  found start of include info
  found start of implicit include info
    add: [/Library/Developer/CommandLineTools/SDKs/MacOSX13.1.sdk/usr/include/c++/v1]
    add: [/Library/Developer/CommandLineTools/usr/lib/clang/14.0.0/include]
    add: [/Library/Developer/CommandLineTools/SDKs/MacOSX13.1.sdk/usr/include]
    add: [/Library/Developer/CommandLineTools/usr/include]
  end of search list found
  collapse include dir [/Library/Developer/CommandLineTools/SDKs/MacOSX13.1.sdk/usr/include/c++/v1] ==> [/Library/Developer/CommandLineTools/SDKs/MacOSX13.1.sdk/usr/include/c++/v1]
  collapse include dir [/Library/Developer/CommandLineTools/usr/lib/clang/14.0.0/include] ==> [/Library/Developer/CommandLineTools/usr/lib/clang/14.0.0/include]
  collapse include dir [/Library/Developer/CommandLineTools/SDKs/MacOSX13.1.sdk/usr/include] ==> [/Library/Developer/CommandLineTools/SDKs/MacOSX13.1.sdk/usr/include]
  collapse include dir [/Library/Developer/CommandLineTools/usr/include] ==> [/Library/Developer/CommandLineTools/usr/include]
  implicit include dirs: [/Library/Developer/CommandLineTools/SDKs/MacOSX13.1.sdk/usr/include/c++/v1;/Library/Developer/CommandLineTools/usr/lib/clang/14.0.0/include;/Library/Developer/CommandLineTools/SDKs/MacOSX13.1.sdk/usr/include;/Library/Developer/CommandLineTools/usr/include]


Parsed CXX implicit link information from above output:
  link line regex: [^( *|.*[/\])(ld|CMAKE_LINK_STARTFILE-NOTFOUND|([^/\]+-)?ld|collect2)[^/\]*( |$)]
  ignore line: [Change Dir: /Users/michaellippe/Local Storage/VIP Chip Team/Labs/Lab2/build/CMakeFiles/CMakeScratch/TryCompile-qF320p]
  ignore line: []
  ignore line: [Run Build Command(s):/usr/bin/make -f Makefile cmTC_98a95/fast && /Library/Developer/CommandLineTools/usr/bin/make  -f CMakeFiles/cmTC_98a95.dir/build.make CMakeFiles/cmTC_98a95.dir/build]
  ignore line: [Building CXX object CMakeFiles/cmTC_98a95.dir/CMakeCXXCompilerABI.cpp.o]
  ignore line: [/Library/Developer/CommandLineTools/usr/bin/c++   -arch arm64 -isysroot /Library/Developer/CommandLineTools/SDKs/MacOSX13.1.sdk   -v -Wl -v -MD -MT CMakeFiles/cmTC_98a95.dir/CMakeCXXCompilerABI.cpp.o -MF CMakeFiles/cmTC_98a95.dir/CMakeCXXCompilerABI.cpp.o.d -o CMakeFiles/cmTC_98a95.dir/CMakeCXXCompilerABI.cpp.o -c /opt/homebrew/Cellar/cmake/3.25.2/share/cmake/Modules/CMakeCXXCompilerABI.cpp]
  ignore line: [Apple clang version 14.0.0 (clang-1400.0.29.202)]
  ignore line: [Target: arm64-apple-darwin22.3.0]
  ignore line: [Thread model: posix]
  ignore line: [InstalledDir: /Library/Developer/CommandLineTools/usr/bin]
  ignore line: [clang: warning: -Wl -v: 'linker' input unused [-Wunused-command-line-argument]]
  ignore line: [ "/Library/Developer/CommandLineTools/usr/bin/clang" -cc1 -triple arm64-apple-macosx13.0.0 -Wundef-prefix=TARGET_OS_ -Wdeprecated-objc-isa-usage -Werror=deprecated-objc-isa-usage -Werror=implicit-function-declaration -emit-obj -mrelax-all --mrelax-relocations -disable-free -clear-ast-before-backend -disable-llvm-verifier -discard-value-names -main-file-name CMakeCXXCompilerABI.cpp -mrelocation-model pic -pic-level 2 -mframe-pointer=non-leaf -fno-strict-return -fno-rounding-math -funwind-tables=2 -fobjc-msgsend-selector-stubs -target-sdk-version=13.1 -fvisibility-inlines-hidden-static-local-var -target-cpu apple-m1 -target-feature +v8.5a -target-feature +fp-armv8 -target-feature +neon -target-feature +crc -target-feature +crypto -target-feature +dotprod -target-feature +fp16fml -target-feature +ras -target-feature +lse -target-feature +rdm -target-feature +rcpc -target-feature +zcm -target-feature +zcz -target-feature +fullfp16 -target-feature +sm4 -target-feature +sha3 -target-feature +sha2 -target-feature +aes -target-abi darwinpcs -fallow-half-arguments-and-returns -debugger-tuning=lldb -target-linker-version 820.1 -v -resource-dir /Library/Developer/CommandLineTools/usr/lib/clang/14.0.0 -dependency-file CMakeFiles/cmTC_98a95.dir/CMakeCXXCompilerABI.cpp.o.d -skip-unused-modulemap-deps -MT CMakeFiles/cmTC_98a95.dir/CMakeCXXCompilerABI.cpp.o -sys-header-deps -isysroot /Library/Developer/CommandLineTools/SDKs/MacOSX13.1.sdk -stdlib=libc++ -internal-isystem /Library/Developer/CommandLineTools/SDKs/MacOSX13.1.sdk/usr/include/c++/v1 -internal-isystem /Library/Developer/CommandLineTools/SDKs/MacOSX13.1.sdk/usr/local/include -internal-isystem /Library/Developer/CommandLineTools/usr/lib/clang/14.0.0/include -internal-externc-isystem /Library/Developer/CommandLineTools/SDKs/MacOSX13.1.sdk/usr/include -internal-externc-isystem /Library/Developer/CommandLineTools/usr/include -Wno-reorder-init-list -Wno-implicit-int-float-conversion -Wno-c99-designator -Wno-final-dtor-non-final-class -Wno-extra-semi-stmt -Wno-misleading-indentation -Wno-quoted-include-in-framework-header -Wno-implicit-fallthrough -Wno-enum-enum-conversion -Wno-enum-float-conversion -Wno-elaborated-enum-base -Wno-reserved-identifier -Wno-gnu-folding-constant -Wno-cast-function-type -Wno-bitwise-instead-of-logical -fdeprecated-macro "-fdebug-compilation-dir=/Users/michaellippe/Local Storage/VIP Chip Team/Labs/Lab2/build/CMakeFiles/CMakeScratch/TryCompile-qF320p" -ferror-limit 19 -stack-protector 1 -fstack-check -mdarwin-stkchk-strong-link -fblocks -fencode-extended-block-signature -fregister-global-dtors-with-atexit -fgnuc-version=4.2.1 -fno-cxx-modules -fcxx-exceptions -fexceptions -fmax-type-align=16 -fcommon -clang-vendor-feature=+messageToSelfInClassMethodIdReturnType -clang-vendor-feature=+disableInferNewAvailabilityFromInit -clang-vendor-feature=+disableNonDependentMemberExprInCurrentInstantiation -fno-odr-hash-protocols -clang-vendor-feature=+enableAggressiveVLAFolding -clang-vendor-feature=+revert09abecef7bbf -clang-vendor-feature=+thisNoAlignAttr -clang-vendor-feature=+thisNoNullAttr -mllvm -disable-aligned-alloc-awareness=1 -D__GCC_HAVE_DWARF2_CFI_ASM=1 -o CMakeFiles/cmTC_98a95.dir/CMakeCXXCompilerABI.cpp.o -x c++ /opt/homebrew/Cellar/cmake/3.25.2/share/cmake/Modules/CMakeCXXCompilerABI.cpp]
  ignore line: [clang -cc1 version 14.0.0 (clang-1400.0.29.202) default target arm64-apple-darwin22.3.0]
  ignore line: [ignoring nonexistent directory "/Library/Developer/CommandLineTools/SDKs/MacOSX13.1.sdk/usr/local/include"]
  ignore line: [ignoring nonexistent directory "/Library/Developer/CommandLineTools/SDKs/MacOSX13.1.sdk/Library/Frameworks"]
  ignore line: [#include "..." search starts here:]
  ignore line: [#include <...> search starts here:]
  ignore line: [ /Library/Developer/CommandLineTools/SDKs/MacOSX13.1.sdk/usr/include/c++/v1]
  ignore line: [ /Library/Developer/CommandLineTools/usr/lib/clang/14.0.0/include]
  ignore line: [ /Library/Developer/CommandLineTools/SDKs/MacOSX13.1.sdk/usr/include]
  ignore line: [ /Library/Developer/CommandLineTools/usr/include]
  ignore line: [ /Library/Developer/CommandLineTools/SDKs/MacOSX13.1.sdk/System/Library/Frameworks (framework directory)]
  ignore line: [End of search list.]
  ignore line: [Linking CXX executable cmTC_98a95]
  ignore line: [/opt/homebrew/Cellar/cmake/3.25.2/bin/cmake -E cmake_link_script CMakeFiles/cmTC_98a95.dir/link.txt --verbose=1]
  ignore line: [/Library/Developer/CommandLineTools/usr/bin/c++  -arch arm64 -isysroot /Library/Developer/CommandLineTools/SDKs/MacOSX13.1.sdk -Wl -search_paths_first -Wl -headerpad_max_install_names  -v -Wl -v CMakeFiles/cmTC_98a95.dir/CMakeCXXCompilerABI.cpp.o -o cmTC_98a95 ]
  ignore line: [Apple clang version 14.0.0 (clang-1400.0.29.202)]
  ignore line: [Target: arm64-apple-darwin22.3.0]
  ignore line: [Thread model: posix]
  ignore line: [InstalledDir: /Library/Developer/CommandLineTools/usr/bin]
  link line: [ "/Library/Developer/CommandLineTools/usr/bin/ld" -demangle -lto_library /Library/Developer/CommandLineTools/usr/lib/libLTO.dylib -dynamic -arch arm64 -platform_version macos 13.0.0 13.1 -syslibroot /Library/Developer/CommandLineTools/SDKs/MacOSX13.1.sdk -o cmTC_98a95 -search_paths_first -headerpad_max_install_names -v CMakeFiles/cmTC_98a95.dir/CMakeCXXCompilerABI.cpp.o -lc++ -lSystem /Library/Developer/CommandLineTools/usr/lib/clang/14.0.0/lib/darwin/libclang_rt.osx.a]
    arg [/Library/Developer/CommandLineTools/usr/bin/ld] ==> ignore
    arg [-demangle] ==> ignore
    arg [-lto_library] ==> ignore, skip following value
    arg [/Library/Developer/CommandLineTools/usr/lib/libLTO.dylib] ==> skip value of -lto_library
    arg [-dynamic] ==> ignore
    arg [-arch] ==> ignore
    arg [arm64] ==> ignore
    arg [-platform_version] ==> ignore
    arg [macos] ==> ignore
    arg [13.0.0] ==> ignore
    arg [13.1] ==> ignore
    arg [-syslibroot] ==> ignore
    arg [/Library/Developer/CommandLineTools/SDKs/MacOSX13.1.sdk] ==> ignore
    arg [-o] ==> ignore
    arg [cmTC_98a95] ==> ignore
    arg [-search_paths_first] ==> ignore
    arg [-headerpad_max_install_names] ==> ignore
    arg [-v] ==> ignore
    arg [CMakeFiles/cmTC_98a95.dir/CMakeCXXCompilerABI.cpp.o] ==> ignore
    arg [-lc++] ==> lib [c++]
    arg [-lSystem] ==> lib [System]
    arg [/Library/Developer/CommandLineTools/usr/lib/clang/14.0.0/lib/darwin/libclang_rt.osx.a] ==> lib [/Library/Developer/CommandLineTools/usr/lib/clang/14.0.0/lib/darwin/libclang_rt.osx.a]
  Library search paths: [;/Library/Developer/CommandLineTools/SDKs/MacOSX13.1.sdk/usr/lib]
  Framework search paths: [;/Library/Developer/CommandLineTools/SDKs/MacOSX13.1.sdk/System/Library/Frameworks/]
  remove lib [System]
  remove lib [/Library/Developer/CommandLineTools/usr/lib/clang/14.0.0/lib/darwin/libclang_rt.osx.a]
  collapse library dir [/Library/Developer/CommandLineTools/SDKs/MacOSX13.1.sdk/usr/lib] ==> [/Library/Developer/CommandLineTools/SDKs/MacOSX13.1.sdk/usr/lib]
  collapse framework dir [/Library/Developer/CommandLineTools/SDKs/MacOSX13.1.sdk/System/Library/Frameworks/] ==> [/Library/Developer/CommandLineTools/SDKs/MacOSX13.1.sdk/System/Library/Frameworks]
  implicit libs: [c++]
  implicit objs: []
  implicit dirs: [/Library/Developer/CommandLineTools/SDKs/MacOSX13.1.sdk/usr/lib]
  implicit fwks: [/Library/Developer/CommandLineTools/SDKs/MacOSX13.1.sdk/System/Library/Frameworks]


Performing C++ SOURCE FILE Test _faligned_new succeeded with the following output:
Change Dir: /Users/michaellippe/Local Storage/VIP Chip Team/Labs/Lab2/build/CMakeFiles/CMakeScratch/TryCompile-GOSeQS

Run Build Command(s):/usr/bin/make -f Makefile cmTC_3c31e/fast && /Library/Developer/CommandLineTools/usr/bin/make  -f CMakeFiles/cmTC_3c31e.dir/build.make CMakeFiles/cmTC_3c31e.dir/build
Building CXX object CMakeFiles/cmTC_3c31e.dir/src.cxx.o
/Library/Developer/CommandLineTools/usr/bin/c++ -D_faligned_new  -arch arm64 -isysroot /Library/Developer/CommandLineTools/SDKs/MacOSX13.1.sdk   -faligned-new -MD -MT CMakeFiles/cmTC_3c31e.dir/src.cxx.o -MF CMakeFiles/cmTC_3c31e.dir/src.cxx.o.d -o CMakeFiles/cmTC_3c31e.dir/src.cxx.o -c "/Users/michaellippe/Local Storage/VIP Chip Team/Labs/Lab2/build/CMakeFiles/CMakeScratch/TryCompile-GOSeQS/src.cxx"
Linking CXX executable cmTC_3c31e
/opt/homebrew/Cellar/cmake/3.25.2/bin/cmake -E cmake_link_script CMakeFiles/cmTC_3c31e.dir/link.txt --verbose=1
/Library/Developer/CommandLineTools/usr/bin/c++  -arch arm64 -isysroot /Library/Developer/CommandLineTools/SDKs/MacOSX13.1.sdk -Wl,-search_paths_first -Wl,-headerpad_max_install_names CMakeFiles/cmTC_3c31e.dir/src.cxx.o -o cmTC_3c31e 


Source file was:
int main() { return 0; }

Performing C++ SOURCE FILE Test _fbracket_depth_4096 succeeded with the following output:
Change Dir: /Users/michaellippe/Local Storage/VIP Chip Team/Labs/Lab2/build/CMakeFiles/CMakeScratch/TryCompile-y0I35I

Run Build Command(s):/usr/bin/make -f Makefile cmTC_a4ca7/fast && /Library/Developer/CommandLineTools/usr/bin/make  -f CMakeFiles/cmTC_a4ca7.dir/build.make CMakeFiles/cmTC_a4ca7.dir/build
Building CXX object CMakeFiles/cmTC_a4ca7.dir/src.cxx.o
/Library/Developer/CommandLineTools/usr/bin/c++ -D_fbracket_depth_4096  -arch arm64 -isysroot /Library/Developer/CommandLineTools/SDKs/MacOSX13.1.sdk   -fbracket-depth=4096 -MD -MT CMakeFiles/cmTC_a4ca7.dir/src.cxx.o -MF CMakeFiles/cmTC_a4ca7.dir/src.cxx.o.d -o CMakeFiles/cmTC_a4ca7.dir/src.cxx.o -c "/Users/michaellippe/Local Storage/VIP Chip Team/Labs/Lab2/build/CMakeFiles/CMakeScratch/TryCompile-y0I35I/src.cxx"
Linking CXX executable cmTC_a4ca7
/opt/homebrew/Cellar/cmake/3.25.2/bin/cmake -E cmake_link_script CMakeFiles/cmTC_a4ca7.dir/link.txt --verbose=1
/Library/Developer/CommandLineTools/usr/bin/c++  -arch arm64 -isysroot /Library/Developer/CommandLineTools/SDKs/MacOSX13.1.sdk -Wl,-search_paths_first -Wl,-headerpad_max_install_names CMakeFiles/cmTC_a4ca7.dir/src.cxx.o -o cmTC_a4ca7 


Source file was:
int main() { return 0; }

Performing C++ SOURCE FILE Test _fcf_protection_none succeeded with the following output:
Change Dir: /Users/michaellippe/Local Storage/VIP Chip Team/Labs/Lab2/build/CMakeFiles/CMakeScratch/TryCompile-l7IDHc

Run Build Command(s):/usr/bin/make -f Makefile cmTC_d9aae/fast && /Library/Developer/CommandLineTools/usr/bin/make  -f CMakeFiles/cmTC_d9aae.dir/build.make CMakeFiles/cmTC_d9aae.dir/build
Building CXX object CMakeFiles/cmTC_d9aae.dir/src.cxx.o
/Library/Developer/CommandLineTools/usr/bin/c++ -D_fcf_protection_none  -arch arm64 -isysroot /Library/Developer/CommandLineTools/SDKs/MacOSX13.1.sdk   -fcf-protection=none -MD -MT CMakeFiles/cmTC_d9aae.dir/src.cxx.o -MF CMakeFiles/cmTC_d9aae.dir/src.cxx.o.d -o CMakeFiles/cmTC_d9aae.dir/src.cxx.o -c "/Users/michaellippe/Local Storage/VIP Chip Team/Labs/Lab2/build/CMakeFiles/CMakeScratch/TryCompile-l7IDHc/src.cxx"
Linking CXX executable cmTC_d9aae
/opt/homebrew/Cellar/cmake/3.25.2/bin/cmake -E cmake_link_script CMakeFiles/cmTC_d9aae.dir/link.txt --verbose=1
/Library/Developer/CommandLineTools/usr/bin/c++  -arch arm64 -isysroot /Library/Developer/CommandLineTools/SDKs/MacOSX13.1.sdk -Wl,-search_paths_first -Wl,-headerpad_max_install_names CMakeFiles/cmTC_d9aae.dir/src.cxx.o -o cmTC_d9aae 


Source file was:
int main() { return 0; }

Performing C++ SOURCE FILE Test _Qunused_arguments succeeded with the following output:
Change Dir: /Users/michaellippe/Local Storage/VIP Chip Team/Labs/Lab2/build/CMakeFiles/CMakeScratch/TryCompile-gnPrfP

Run Build Command(s):/usr/bin/make -f Makefile cmTC_ec189/fast && /Library/Developer/CommandLineTools/usr/bin/make  -f CMakeFiles/cmTC_ec189.dir/build.make CMakeFiles/cmTC_ec189.dir/build
Building CXX object CMakeFiles/cmTC_ec189.dir/src.cxx.o
/Library/Developer/CommandLineTools/usr/bin/c++ -D_Qunused_arguments  -arch arm64 -isysroot /Library/Developer/CommandLineTools/SDKs/MacOSX13.1.sdk   -Qunused-arguments -MD -MT CMakeFiles/cmTC_ec189.dir/src.cxx.o -MF CMakeFiles/cmTC_ec189.dir/src.cxx.o.d -o CMakeFiles/cmTC_ec189.dir/src.cxx.o -c "/Users/michaellippe/Local Storage/VIP Chip Team/Labs/Lab2/build/CMakeFiles/CMakeScratch/TryCompile-gnPrfP/src.cxx"
Linking CXX executable cmTC_ec189
/opt/homebrew/Cellar/cmake/3.25.2/bin/cmake -E cmake_link_script CMakeFiles/cmTC_ec189.dir/link.txt --verbose=1
/Library/Developer/CommandLineTools/usr/bin/c++  -arch arm64 -isysroot /Library/Developer/CommandLineTools/SDKs/MacOSX13.1.sdk -Wl,-search_paths_first -Wl,-headerpad_max_install_names CMakeFiles/cmTC_ec189.dir/src.cxx.o -o cmTC_ec189 


Source file was:
int main() { return 0; }

Performing C++ SOURCE FILE Test _Wno_bool_operation succeeded with the following output:
Change Dir: /Users/michaellippe/Local Storage/VIP Chip Team/Labs/Lab2/build/CMakeFiles/CMakeScratch/TryCompile-MAm6Mj

Run Build Command(s):/usr/bin/make -f Makefile cmTC_da413/fast && /Library/Developer/CommandLineTools/usr/bin/make  -f CMakeFiles/cmTC_da413.dir/build.make CMakeFiles/cmTC_da413.dir/build
Building CXX object CMakeFiles/cmTC_da413.dir/src.cxx.o
/Library/Developer/CommandLineTools/usr/bin/c++ -D_Wno_bool_operation  -arch arm64 -isysroot /Library/Developer/CommandLineTools/SDKs/MacOSX13.1.sdk   -Wno-bool-operation -MD -MT CMakeFiles/cmTC_da413.dir/src.cxx.o -MF CMakeFiles/cmTC_da413.dir/src.cxx.o.d -o CMakeFiles/cmTC_da413.dir/src.cxx.o -c "/Users/michaellippe/Local Storage/VIP Chip Team/Labs/Lab2/build/CMakeFiles/CMakeScratch/TryCompile-MAm6Mj/src.cxx"
Linking CXX executable cmTC_da413
/opt/homebrew/Cellar/cmake/3.25.2/bin/cmake -E cmake_link_script CMakeFiles/cmTC_da413.dir/link.txt --verbose=1
/Library/Developer/CommandLineTools/usr/bin/c++  -arch arm64 -isysroot /Library/Developer/CommandLineTools/SDKs/MacOSX13.1.sdk -Wl,-search_paths_first -Wl,-headerpad_max_install_names CMakeFiles/cmTC_da413.dir/src.cxx.o -o cmTC_da413 


Source file was:
int main() { return 0; }

Performing C++ SOURCE FILE Test _Wno_tautological_bitwise_compare succeeded with the following output:
Change Dir: /Users/michaellippe/Local Storage/VIP Chip Team/Labs/Lab2/build/CMakeFiles/CMakeScratch/TryCompile-7f1Uzu

Run Build Command(s):/usr/bin/make -f Makefile cmTC_9d3ed/fast && /Library/Developer/CommandLineTools/usr/bin/make  -f CMakeFiles/cmTC_9d3ed.dir/build.make CMakeFiles/cmTC_9d3ed.dir/build
Building CXX object CMakeFiles/cmTC_9d3ed.dir/src.cxx.o
/Library/Developer/CommandLineTools/usr/bin/c++ -D_Wno_tautological_bitwise_compare  -arch arm64 -isysroot /Library/Developer/CommandLineTools/SDKs/MacOSX13.1.sdk   -Wno-tautological-bitwise-compare -MD -MT CMakeFiles/cmTC_9d3ed.dir/src.cxx.o -MF CMakeFiles/cmTC_9d3ed.dir/src.cxx.o.d -o CMakeFiles/cmTC_9d3ed.dir/src.cxx.o -c "/Users/michaellippe/Local Storage/VIP Chip Team/Labs/Lab2/build/CMakeFiles/CMakeScratch/TryCompile-7f1Uzu/src.cxx"
Linking CXX executable cmTC_9d3ed
/opt/homebrew/Cellar/cmake/3.25.2/bin/cmake -E cmake_link_script CMakeFiles/cmTC_9d3ed.dir/link.txt --verbose=1
/Library/Developer/CommandLineTools/usr/bin/c++  -arch arm64 -isysroot /Library/Developer/CommandLineTools/SDKs/MacOSX13.1.sdk -Wl,-search_paths_first -Wl,-headerpad_max_install_names CMakeFiles/cmTC_9d3ed.dir/src.cxx.o -o cmTC_9d3ed 


Source file was:
int main() { return 0; }

Performing C++ SOURCE FILE Test _Wno_parentheses_equality succeeded with the following output:
Change Dir: /Users/michaellippe/Local Storage/VIP Chip Team/Labs/Lab2/build/CMakeFiles/CMakeScratch/TryCompile-pjn7yu

Run Build Command(s):/usr/bin/make -f Makefile cmTC_4551e/fast && /Library/Developer/CommandLineTools/usr/bin/make  -f CMakeFiles/cmTC_4551e.dir/build.make CMakeFiles/cmTC_4551e.dir/build
Building CXX object CMakeFiles/cmTC_4551e.dir/src.cxx.o
/Library/Developer/CommandLineTools/usr/bin/c++ -D_Wno_parentheses_equality  -arch arm64 -isysroot /Library/Developer/CommandLineTools/SDKs/MacOSX13.1.sdk   -Wno-parentheses-equality -MD -MT CMakeFiles/cmTC_4551e.dir/src.cxx.o -MF CMakeFiles/cmTC_4551e.dir/src.cxx.o.d -o CMakeFiles/cmTC_4551e.dir/src.cxx.o -c "/Users/michaellippe/Local Storage/VIP Chip Team/Labs/Lab2/build/CMakeFiles/CMakeScratch/TryCompile-pjn7yu/src.cxx"
Linking CXX executable cmTC_4551e
/opt/homebrew/Cellar/cmake/3.25.2/bin/cmake -E cmake_link_script CMakeFiles/cmTC_4551e.dir/link.txt --verbose=1
/Library/Developer/CommandLineTools/usr/bin/c++  -arch arm64 -isysroot /Library/Developer/CommandLineTools/SDKs/MacOSX13.1.sdk -Wl,-search_paths_first -Wl,-headerpad_max_install_names CMakeFiles/cmTC_4551e.dir/src.cxx.o -o cmTC_4551e 


Source file was:
int main() { return 0; }

Performing C++ SOURCE FILE Test _Wno_sign_compare succeeded with the following output:
Change Dir: /Users/michaellippe/Local Storage/VIP Chip Team/Labs/Lab2/build/CMakeFiles/CMakeScratch/TryCompile-Bg7wRg

Run Build Command(s):/usr/bin/make -f Makefile cmTC_af482/fast && /Library/Developer/CommandLineTools/usr/bin/make  -f CMakeFiles/cmTC_af482.dir/build.make CMakeFiles/cmTC_af482.dir/build
Building CXX object CMakeFiles/cmTC_af482.dir/src.cxx.o
/Library/Developer/CommandLineTools/usr/bin/c++ -D_Wno_sign_compare  -arch arm64 -isysroot /Library/Developer/CommandLineTools/SDKs/MacOSX13.1.sdk   -Wno-sign-compare -MD -MT CMakeFiles/cmTC_af482.dir/src.cxx.o -MF CMakeFiles/cmTC_af482.dir/src.cxx.o.d -o CMakeFiles/cmTC_af482.dir/src.cxx.o -c "/Users/michaellippe/Local Storage/VIP Chip Team/Labs/Lab2/build/CMakeFiles/CMakeScratch/TryCompile-Bg7wRg/src.cxx"
Linking CXX executable cmTC_af482
/opt/homebrew/Cellar/cmake/3.25.2/bin/cmake -E cmake_link_script CMakeFiles/cmTC_af482.dir/link.txt --verbose=1
/Library/Developer/CommandLineTools/usr/bin/c++  -arch arm64 -isysroot /Library/Developer/CommandLineTools/SDKs/MacOSX13.1.sdk -Wl,-search_paths_first -Wl,-headerpad_max_install_names CMakeFiles/cmTC_af482.dir/src.cxx.o -o cmTC_af482 


Source file was:
int main() { return 0; }

Performing C++ SOURCE FILE Test _Wno_uninitialized succeeded with the following output:
Change Dir: /Users/michaellippe/Local Storage/VIP Chip Team/Labs/Lab2/build/CMakeFiles/CMakeScratch/TryCompile-h4Y8ET

Run Build Command(s):/usr/bin/make -f Makefile cmTC_c108e/fast && /Library/Developer/CommandLineTools/usr/bin/make  -f CMakeFiles/cmTC_c108e.dir/build.make CMakeFiles/cmTC_c108e.dir/build
Building CXX object CMakeFiles/cmTC_c108e.dir/src.cxx.o
/Library/Developer/CommandLineTools/usr/bin/c++ -D_Wno_uninitialized  -arch arm64 -isysroot /Library/Developer/CommandLineTools/SDKs/MacOSX13.1.sdk   -Wno-uninitialized -MD -MT CMakeFiles/cmTC_c108e.dir/src.cxx.o -MF CMakeFiles/cmTC_c108e.dir/src.cxx.o.d -o CMakeFiles/cmTC_c108e.dir/src.cxx.o -c "/Users/michaellippe/Local Storage/VIP Chip Team/Labs/Lab2/build/CMakeFiles/CMakeScratch/TryCompile-h4Y8ET/src.cxx"
Linking CXX executable cmTC_c108e
/opt/homebrew/Cellar/cmake/3.25.2/bin/cmake -E cmake_link_script CMakeFiles/cmTC_c108e.dir/link.txt --verbose=1
/Library/Developer/CommandLineTools/usr/bin/c++  -arch arm64 -isysroot /Library/Developer/CommandLineTools/SDKs/MacOSX13.1.sdk -Wl,-search_paths_first -Wl,-headerpad_max_install_names CMakeFiles/cmTC_c108e.dir/src.cxx.o -o cmTC_c108e 


Source file was:
int main() { return 0; }

Performing C++ SOURCE FILE Test _Wno_unused_but_set_variable succeeded with the following output:
Change Dir: /Users/michaellippe/Local Storage/VIP Chip Team/Labs/Lab2/build/CMakeFiles/CMakeScratch/TryCompile-t8Dqiw

Run Build Command(s):/usr/bin/make -f Makefile cmTC_9ebd0/fast && /Library/Developer/CommandLineTools/usr/bin/make  -f CMakeFiles/cmTC_9ebd0.dir/build.make CMakeFiles/cmTC_9ebd0.dir/build
Building CXX object CMakeFiles/cmTC_9ebd0.dir/src.cxx.o
/Library/Developer/CommandLineTools/usr/bin/c++ -D_Wno_unused_but_set_variable  -arch arm64 -isysroot /Library/Developer/CommandLineTools/SDKs/MacOSX13.1.sdk   -Wno-unused-but-set-variable -MD -MT CMakeFiles/cmTC_9ebd0.dir/src.cxx.o -MF CMakeFiles/cmTC_9ebd0.dir/src.cxx.o.d -o CMakeFiles/cmTC_9ebd0.dir/src.cxx.o -c "/Users/michaellippe/Local Storage/VIP Chip Team/Labs/Lab2/build/CMakeFiles/CMakeScratch/TryCompile-t8Dqiw/src.cxx"
Linking CXX executable cmTC_9ebd0
/opt/homebrew/Cellar/cmake/3.25.2/bin/cmake -E cmake_link_script CMakeFiles/cmTC_9ebd0.dir/link.txt --verbose=1
/Library/Developer/CommandLineTools/usr/bin/c++  -arch arm64 -isysroot /Library/Developer/CommandLineTools/SDKs/MacOSX13.1.sdk -Wl,-search_paths_first -Wl,-headerpad_max_install_names CMakeFiles/cmTC_9ebd0.dir/src.cxx.o -o cmTC_9ebd0 


Source file was:
int main() { return 0; }

Performing C++ SOURCE FILE Test _Wno_unused_parameter succeeded with the following output:
Change Dir: /Users/michaellippe/Local Storage/VIP Chip Team/Labs/Lab2/build/CMakeFiles/CMakeScratch/TryCompile-y4AV4V

Run Build Command(s):/usr/bin/make -f Makefile cmTC_8546e/fast && /Library/Developer/CommandLineTools/usr/bin/make  -f CMakeFiles/cmTC_8546e.dir/build.make CMakeFiles/cmTC_8546e.dir/build
Building CXX object CMakeFiles/cmTC_8546e.dir/src.cxx.o
/Library/Developer/CommandLineTools/usr/bin/c++ -D_Wno_unused_parameter  -arch arm64 -isysroot /Library/Developer/CommandLineTools/SDKs/MacOSX13.1.sdk   -Wno-unused-parameter -MD -MT CMakeFiles/cmTC_8546e.dir/src.cxx.o -MF CMakeFiles/cmTC_8546e.dir/src.cxx.o.d -o CMakeFiles/cmTC_8546e.dir/src.cxx.o -c "/Users/michaellippe/Local Storage/VIP Chip Team/Labs/Lab2/build/CMakeFiles/CMakeScratch/TryCompile-y4AV4V/src.cxx"
Linking CXX executable cmTC_8546e
/opt/homebrew/Cellar/cmake/3.25.2/bin/cmake -E cmake_link_script CMakeFiles/cmTC_8546e.dir/link.txt --verbose=1
/Library/Developer/CommandLineTools/usr/bin/c++  -arch arm64 -isysroot /Library/Developer/CommandLineTools/SDKs/MacOSX13.1.sdk -Wl,-search_paths_first -Wl,-headerpad_max_install_names CMakeFiles/cmTC_8546e.dir/src.cxx.o -o cmTC_8546e 


Source file was:
int main() { return 0; }

Performing C++ SOURCE FILE Test _Wno_unused_variable succeeded with the following output:
Change Dir: /Users/michaellippe/Local Storage/VIP Chip Team/Labs/Lab2/build/CMakeFiles/CMakeScratch/TryCompile-0NiwHA

Run Build Command(s):/usr/bin/make -f Makefile cmTC_1ce44/fast && /Library/Developer/CommandLineTools/usr/bin/make  -f CMakeFiles/cmTC_1ce44.dir/build.make CMakeFiles/cmTC_1ce44.dir/build
Building CXX object CMakeFiles/cmTC_1ce44.dir/src.cxx.o
/Library/Developer/CommandLineTools/usr/bin/c++ -D_Wno_unused_variable  -arch arm64 -isysroot /Library/Developer/CommandLineTools/SDKs/MacOSX13.1.sdk   -Wno-unused-variable -MD -MT CMakeFiles/cmTC_1ce44.dir/src.cxx.o -MF CMakeFiles/cmTC_1ce44.dir/src.cxx.o.d -o CMakeFiles/cmTC_1ce44.dir/src.cxx.o -c "/Users/michaellippe/Local Storage/VIP Chip Team/Labs/Lab2/build/CMakeFiles/CMakeScratch/TryCompile-0NiwHA/src.cxx"
Linking CXX executable cmTC_1ce44
/opt/homebrew/Cellar/cmake/3.25.2/bin/cmake -E cmake_link_script CMakeFiles/cmTC_1ce44.dir/link.txt --verbose=1
/Library/Developer/CommandLineTools/usr/bin/c++  -arch arm64 -isysroot /Library/Developer/CommandLineTools/SDKs/MacOSX13.1.sdk -Wl,-search_paths_first -Wl,-headerpad_max_install_names CMakeFiles/cmTC_1ce44.dir/src.cxx.o -o cmTC_1ce44 


Source file was:
int main() { return 0; }

Performing C++ SOURCE FILE Test _Wno_shadow succeeded with the following output:
Change Dir: /Users/michaellippe/Local Storage/VIP Chip Team/Labs/Lab2/build/CMakeFiles/CMakeScratch/TryCompile-79H11m

Run Build Command(s):/usr/bin/make -f Makefile cmTC_7c384/fast && /Library/Developer/CommandLineTools/usr/bin/make  -f CMakeFiles/cmTC_7c384.dir/build.make CMakeFiles/cmTC_7c384.dir/build
Building CXX object CMakeFiles/cmTC_7c384.dir/src.cxx.o
/Library/Developer/CommandLineTools/usr/bin/c++ -D_Wno_shadow  -arch arm64 -isysroot /Library/Developer/CommandLineTools/SDKs/MacOSX13.1.sdk   -Wno-shadow -MD -MT CMakeFiles/cmTC_7c384.dir/src.cxx.o -MF CMakeFiles/cmTC_7c384.dir/src.cxx.o.d -o CMakeFiles/cmTC_7c384.dir/src.cxx.o -c "/Users/michaellippe/Local Storage/VIP Chip Team/Labs/Lab2/build/CMakeFiles/CMakeScratch/TryCompile-79H11m/src.cxx"
Linking CXX executable cmTC_7c384
/opt/homebrew/Cellar/cmake/3.25.2/bin/cmake -E cmake_link_script CMakeFiles/cmTC_7c384.dir/link.txt --verbose=1
/Library/Developer/CommandLineTools/usr/bin/c++  -arch arm64 -isysroot /Library/Developer/CommandLineTools/SDKs/MacOSX13.1.sdk -Wl,-search_paths_first -Wl,-headerpad_max_install_names CMakeFiles/cmTC_7c384.dir/src.cxx.o -o cmTC_7c384 


Source file was:
int main() { return 0; }

Performing C++ SOURCE FILE Test _std_gnu__17 succeeded with the following output:
Change Dir: /Users/michaellippe/Local Storage/VIP Chip Team/Labs/Lab2/build/CMakeFiles/CMakeScratch/TryCompile-632p47

Run Build Command(s):/usr/bin/make -f Makefile cmTC_9ac2f/fast && /Library/Developer/CommandLineTools/usr/bin/make  -f CMakeFiles/cmTC_9ac2f.dir/build.make CMakeFiles/cmTC_9ac2f.dir/build
Building CXX object CMakeFiles/cmTC_9ac2f.dir/src.cxx.o
/Library/Developer/CommandLineTools/usr/bin/c++ -D_std_gnu__17  -arch arm64 -isysroot /Library/Developer/CommandLineTools/SDKs/MacOSX13.1.sdk   -std=gnu++17 -MD -MT CMakeFiles/cmTC_9ac2f.dir/src.cxx.o -MF CMakeFiles/cmTC_9ac2f.dir/src.cxx.o.d -o CMakeFiles/cmTC_9ac2f.dir/src.cxx.o -c "/Users/michaellippe/Local Storage/VIP Chip Team/Labs/Lab2/build/CMakeFiles/CMakeScratch/TryCompile-632p47/src.cxx"
Linking CXX executable cmTC_9ac2f
/opt/homebrew/Cellar/cmake/3.25.2/bin/cmake -E cmake_link_script CMakeFiles/cmTC_9ac2f.dir/link.txt --verbose=1
/Library/Developer/CommandLineTools/usr/bin/c++  -arch arm64 -isysroot /Library/Developer/CommandLineTools/SDKs/MacOSX13.1.sdk -Wl,-search_paths_first -Wl,-headerpad_max_install_names CMakeFiles/cmTC_9ac2f.dir/src.cxx.o -o cmTC_9ac2f 


Source file was:
int main() { return 0; }

Performing C++ SOURCE FILE Test _pthread succeeded with the following output:
Change Dir: /Users/michaellippe/Local Storage/VIP Chip Team/Labs/Lab2/build/CMakeFiles/CMakeScratch/TryCompile-jB7sET

Run Build Command(s):/usr/bin/make -f Makefile cmTC_d3e68/fast && /Library/Developer/CommandLineTools/usr/bin/make  -f CMakeFiles/cmTC_d3e68.dir/build.make CMakeFiles/cmTC_d3e68.dir/build
Building CXX object CMakeFiles/cmTC_d3e68.dir/src.cxx.o
/Library/Developer/CommandLineTools/usr/bin/c++ -D_pthread  -arch arm64 -isysroot /Library/Developer/CommandLineTools/SDKs/MacOSX13.1.sdk -MD -MT CMakeFiles/cmTC_d3e68.dir/src.cxx.o -MF CMakeFiles/cmTC_d3e68.dir/src.cxx.o.d -o CMakeFiles/cmTC_d3e68.dir/src.cxx.o -c "/Users/michaellippe/Local Storage/VIP Chip Team/Labs/Lab2/build/CMakeFiles/CMakeScratch/TryCompile-jB7sET/src.cxx"
Linking CXX executable cmTC_d3e68
/opt/homebrew/Cellar/cmake/3.25.2/bin/cmake -E cmake_link_script CMakeFiles/cmTC_d3e68.dir/link.txt --verbose=1
/Library/Developer/CommandLineTools/usr/bin/c++  -arch arm64 -isysroot /Library/Developer/CommandLineTools/SDKs/MacOSX13.1.sdk -Wl,-search_paths_first -Wl,-headerpad_max_install_names CMakeFiles/cmTC_d3e68.dir/src.cxx.o -o cmTC_d3e68  -pthread 


Source file was:
int main() {return 0;}


Performing C++ SOURCE FILE Test _lpthread succeeded with the following output:
Change Dir: /Users/michaellippe/Local Storage/VIP Chip Team/Labs/Lab2/build/CMakeFiles/CMakeScratch/TryCompile-ERNyBu

Run Build Command(s):/usr/bin/make -f Makefile cmTC_98251/fast && /Library/Developer/CommandLineTools/usr/bin/make  -f CMakeFiles/cmTC_98251.dir/build.make CMakeFiles/cmTC_98251.dir/build
Building CXX object CMakeFiles/cmTC_98251.dir/src.cxx.o
/Library/Developer/CommandLineTools/usr/bin/c++ -D_lpthread  -arch arm64 -isysroot /Library/Developer/CommandLineTools/SDKs/MacOSX13.1.sdk -MD -MT CMakeFiles/cmTC_98251.dir/src.cxx.o -MF CMakeFiles/cmTC_98251.dir/src.cxx.o.d -o CMakeFiles/cmTC_98251.dir/src.cxx.o -c "/Users/michaellippe/Local Storage/VIP Chip Team/Labs/Lab2/build/CMakeFiles/CMakeScratch/TryCompile-ERNyBu/src.cxx"
Linking CXX executable cmTC_98251
/opt/homebrew/Cellar/cmake/3.25.2/bin/cmake -E cmake_link_script CMakeFiles/cmTC_98251.dir/link.txt --verbose=1
/Library/Developer/CommandLineTools/usr/bin/c++  -arch arm64 -isysroot /Library/Developer/CommandLineTools/SDKs/MacOSX13.1.sdk -Wl,-search_paths_first -Wl,-headerpad_max_install_names CMakeFiles/cmTC_98251.dir/src.cxx.o -o cmTC_98251  -lpthread 


Source file was:
int main() {return 0;}


